Unity Editor version:    2022.3.12f1 (4fe6e059c7ef)
Branch:                  2022.3/release
Build type:              Release
Batch mode:              YES
macOS version:           Version 14.1.1 (Build 23B81)
Darwin version:          23.1.0
Architecture:            arm64
Running under Rosetta:   NO
Available memory:        32768 MB
Using pre-set license
Pro License: YES

COMMAND LINE ARGUMENTS:
/Applications/Unity/Hub/Editor/2022.3.12f1/Unity.app/Contents/MacOS/Unity
-adb2
-batchMode
-noUpm
-name
AssetImportWorker1
-projectPath
/Users/romaneliasvalencia/Library/CloudStorage/OneDrive-InstitutoTecnologicoydeEstudiosSuperioresdeMonterrey/CCM/ITC/5to Semestre/Modelación de sistemas multiagentes con gráficas computacionales/CitySimulator_TC2008B/Evidencia2
-logFile
Logs/AssetImportWorker1.log
-srvPort
60123
Successfully changed project path to: /Users/romaneliasvalencia/Library/CloudStorage/OneDrive-InstitutoTecnologicoydeEstudiosSuperioresdeMonterrey/CCM/ITC/5to Semestre/Modelación de sistemas multiagentes con gráficas computacionales/CitySimulator_TC2008B/Evidencia2
/Users/romaneliasvalencia/Library/CloudStorage/OneDrive-InstitutoTecnologicoydeEstudiosSuperioresdeMonterrey/CCM/ITC/5to Semestre/Modelación de sistemas multiagentes con gráficas computacionales/CitySimulator_TC2008B/Evidencia2
[UnityMemory] Configuration Parameters - Can be set up in boot.config
    "memorysetup-bucket-allocator-granularity=16"
    "memorysetup-bucket-allocator-bucket-count=8"
    "memorysetup-bucket-allocator-block-size=33554432"
    "memorysetup-bucket-allocator-block-count=8"
    "memorysetup-main-allocator-block-size=16777216"
    "memorysetup-thread-allocator-block-size=16777216"
    "memorysetup-gfx-main-allocator-block-size=16777216"
    "memorysetup-gfx-thread-allocator-block-size=16777216"
    "memorysetup-cache-allocator-block-size=4194304"
    "memorysetup-typetree-allocator-block-size=2097152"
    "memorysetup-profiler-bucket-allocator-granularity=16"
    "memorysetup-profiler-bucket-allocator-bucket-count=8"
    "memorysetup-profiler-bucket-allocator-block-size=33554432"
    "memorysetup-profiler-bucket-allocator-block-count=8"
    "memorysetup-profiler-allocator-block-size=16777216"
    "memorysetup-profiler-editor-allocator-block-size=1048576"
    "memorysetup-temp-allocator-size-main=16777216"
    "memorysetup-job-temp-allocator-block-size=2097152"
    "memorysetup-job-temp-allocator-block-size-background=1048576"
    "memorysetup-job-temp-allocator-reduction-small-platforms=262144"
    "memorysetup-allocator-temp-initial-block-size-main=262144"
    "memorysetup-allocator-temp-initial-block-size-worker=262144"
    "memorysetup-temp-allocator-size-background-worker=32768"
    "memorysetup-temp-allocator-size-job-worker=262144"
    "memorysetup-temp-allocator-size-preload-manager=33554432"
    "memorysetup-temp-allocator-size-nav-mesh-worker=65536"
    "memorysetup-temp-allocator-size-audio-worker=65536"
    "memorysetup-temp-allocator-size-cloud-worker=32768"
    "memorysetup-temp-allocator-size-gi-baking-worker=262144"
    "memorysetup-temp-allocator-size-gfx=262144"
Player connection [8110251712] Host "[IP] 192.168.3.14 [Port] 0 [Flags] 2 [Guid] 1540801205 [EditorId] 1540801205 [Version] 1048832 [Id] OSXEditor(0,Romans-MacBook-Pro-M2.local) [Debug] 1 [PackageName] OSXEditor [ProjectName] Editor" joined multi-casting on [225.0.0.222:54997]...

Player connection [8110251712] Host "[IP] 192.168.3.14 [Port] 0 [Flags] 2 [Guid] 1540801205 [EditorId] 1540801205 [Version] 1048832 [Id] OSXEditor(0,Romans-MacBook-Pro-M2.local) [Debug] 1 [PackageName] OSXEditor [ProjectName] Editor" joined alternative multi-casting on [225.0.0.222:34997]...

[Physics::Module] Initialized MultithreadedJobDispatcher with 11 workers.
Refreshing native plugins compatible for Editor in 12.29 ms, found 2 plugins.
Preloading 0 native plugins for Editor in 0.00 ms.
Initialize engine version: 2022.3.12f1 (4fe6e059c7ef)
[Subsystems] Discovering subsystems at path /Applications/Unity/Hub/Editor/2022.3.12f1/Unity.app/Contents/Resources/UnitySubsystems
[Subsystems] Discovering subsystems at path /Users/romaneliasvalencia/Library/CloudStorage/OneDrive-InstitutoTecnologicoydeEstudiosSuperioresdeMonterrey/CCM/ITC/5to Semestre/Modelación de sistemas multiagentes con gráficas computacionales/CitySimulator_TC2008B/Evidencia2/Assets
GfxDevice: creating device client; threaded=0; jobified=0
 preferred device: Apple M2 Max (high power)
Metal devices available: 1
0: Apple M2 Max (high power)
Using device Apple M2 Max (high power)
Initializing Metal device caps: Apple M2 Max
Initialize mono
Mono path[0] = '/Applications/Unity/Hub/Editor/2022.3.12f1/Unity.app/Contents/Managed'
Mono path[1] = '/Applications/Unity/Hub/Editor/2022.3.12f1/Unity.app/Contents/MonoBleedingEdge/lib/mono/unityjit-macos'
Mono config path = '/Applications/Unity/Hub/Editor/2022.3.12f1/Unity.app/Contents/MonoBleedingEdge/etc'
Using monoOptions --debugger-agent=transport=dt_socket,embedding=1,server=y,suspend=n,address=127.0.0.1:56555
Begin MonoManager ReloadAssembly
Registering precompiled unity dll's ...
Register platform support module: /Applications/Unity/Hub/Editor/2022.3.12f1/PlaybackEngines/WebGLSupport/UnityEditor.WebGL.Extensions.dll
Register platform support module: /Applications/Unity/Hub/Editor/2022.3.12f1/Unity.app/Contents/PlaybackEngines/MacStandaloneSupport/UnityEditor.OSXStandalone.Extensions.dll
Registered in 0.004324 seconds.
- Loaded All Assemblies, in  0.249 seconds
Native extension for OSXStandalone target not found
Native extension for WebGL target not found
Mono: successfully reloaded assembly
- Finished resetting the current domain, in  0.146 seconds
Domain Reload Profiling: 394ms
	BeginReloadAssembly (87ms)
		ExecutionOrderSort (0ms)
		DisableScriptedObjects (0ms)
		BackupInstance (0ms)
		ReleaseScriptingObjects (0ms)
		CreateAndSetChildDomain (0ms)
	RebuildCommonClasses (22ms)
	RebuildNativeTypeToScriptingClass (8ms)
	initialDomainReloadingComplete (36ms)
	LoadAllAssembliesAndSetupDomain (96ms)
		LoadAssemblies (88ms)
		RebuildTransferFunctionScriptingTraits (0ms)
		AnalyzeDomain (94ms)
			TypeCache.Refresh (93ms)
				TypeCache.ScanAssembly (83ms)
			ScanForSourceGeneratedMonoScriptInfo (0ms)
			ResolveRequiredComponents (0ms)
	FinalizeReload (146ms)
		ReleaseScriptCaches (0ms)
		RebuildScriptCaches (0ms)
		SetupLoadedEditorAssemblies (109ms)
			LogAssemblyErrors (0ms)
			InitializePlatformSupportModulesInManaged (5ms)
			SetLoadedEditorAssemblies (4ms)
			RefreshPlugins (0ms)
			BeforeProcessingInitializeOnLoad (1ms)
			ProcessInitializeOnLoadAttributes (73ms)
			ProcessInitializeOnLoadMethodAttributes (27ms)
			AfterProcessingInitializeOnLoad (0ms)
			EditorAssembliesLoaded (0ms)
		ExecutionOrderSort2 (0ms)
		AwakeInstancesAfterBackupRestoration (0ms)
========================================================================
Worker process is ready to serve import requests
Begin MonoManager ReloadAssembly
- Loaded All Assemblies, in  0.444 seconds
Refreshing native plugins compatible for Editor in 1.07 ms, found 2 plugins.
Native extension for OSXStandalone target not found
Native extension for WebGL target not found
Package Manager log level set to [2]
[Package Manager] Server::EnsureServerProcessIsRunning -- launch failed, reason: Unity was launched with the -noUpm command-line argument
[Package Manager] UpmClient::Send -- Unable to send message (not connected to UPM process).
[Package Manager] Cannot connect to Unity Package Manager local server
Mono: successfully reloaded assembly
- Finished resetting the current domain, in  0.415 seconds
Domain Reload Profiling: 853ms
	BeginReloadAssembly (74ms)
		ExecutionOrderSort (0ms)
		DisableScriptedObjects (3ms)
		BackupInstance (0ms)
		ReleaseScriptingObjects (0ms)
		CreateAndSetChildDomain (16ms)
	RebuildCommonClasses (22ms)
	RebuildNativeTypeToScriptingClass (7ms)
	initialDomainReloadingComplete (21ms)
	LoadAllAssembliesAndSetupDomain (313ms)
		LoadAssemblies (239ms)
		RebuildTransferFunctionScriptingTraits (0ms)
		AnalyzeDomain (109ms)
			TypeCache.Refresh (99ms)
				TypeCache.ScanAssembly (87ms)
			ScanForSourceGeneratedMonoScriptInfo (7ms)
			ResolveRequiredComponents (2ms)
	FinalizeReload (415ms)
		ReleaseScriptCaches (0ms)
		RebuildScriptCaches (0ms)
		SetupLoadedEditorAssemblies (326ms)
			LogAssemblyErrors (0ms)
			InitializePlatformSupportModulesInManaged (3ms)
			SetLoadedEditorAssemblies (2ms)
			RefreshPlugins (0ms)
			BeforeProcessingInitializeOnLoad (31ms)
			ProcessInitializeOnLoadAttributes (278ms)
			ProcessInitializeOnLoadMethodAttributes (11ms)
			AfterProcessingInitializeOnLoad (1ms)
			EditorAssembliesLoaded (0ms)
		ExecutionOrderSort2 (0ms)
		AwakeInstancesAfterBackupRestoration (2ms)
Launching external process: /Applications/Unity/Hub/Editor/2022.3.12f1/Unity.app/Contents/Tools/UnityShaderCompiler
Launched and connected shader compiler UnityShaderCompiler after 0.04 seconds
Refreshing native plugins compatible for Editor in 1.18 ms, found 2 plugins.
Preloading 0 native plugins for Editor in 0.00 ms.
Unloading 3083 Unused Serialized files (Serialized files now loaded: 0)
Unloading 32 unused Assets / (51.5 KB). Loaded Objects now: 3545.
Memory consumption went from 129.7 MB to 129.7 MB.
Total: 2.740375 ms (FindLiveObjects: 0.121917 ms CreateObjectMapping: 0.049125 ms MarkObjects: 2.487000 ms  DeleteObjects: 0.081709 ms)

AssetImportParameters requested are different than current active one (requested -> active):
  custom:container-demuxer-ogg: 62fdf1f143b41e24485cea50d1cbac27 -> 
  custom:video-decoder-ogg-theora: a1e56fd34408186e4bbccfd4996cb3dc -> 
  custom:CustomObjectIndexerAttribute: 756ad292c208cfabdd7b50bc23989ffe -> 
  custom:container-demuxer-webm: 4f35f7cbe854078d1ac9338744f61a02 -> 
  custom:container-muxer-webm: aa71ff27fc2769a1b78a27578f13a17b -> 
  custom:video-decoder-webm-vp8: 9c59270c3fd7afecdb556c50c9e8de78 -> 
  custom:SearchIndexIgnoredProperties: e643bd26f0fe6173181afceb89e7c659 -> 
  custom:AudioImporter_EditorPlatform: 3918e3fc78b5a79bad01e8451be0beb8 -> 
  custom:framework-osx-AVFoundation: e770b220cccbd017edd2c1fefb359320 -> 
  custom:video-encoder-webm-vp8: eb34c28f22e8b96e1ab97ce403110664 -> 
  custom:audio-decoder-ogg-vorbis: bf7c407c2cedff20999df2af8eb42d56 -> 
  custom:audio-encoder-webm-vorbis: bf7c407c2cedff20999df2af8eb42d56 -> 
========================================================================
Received Import Request.
  Time since last request: 17445.632703 seconds.
  path: Assets/Decorations/sign_1.003.fbx
  artifactKey: Guid(153f4f1a90ebcdc4ea8eabffcc10de17) Importer(815301076,1909f56bfc062723c751e8b465ee728b)
Start importing Assets/Decorations/sign_1.003.fbx using Guid(153f4f1a90ebcdc4ea8eabffcc10de17) Importer(815301076,1909f56bfc062723c751e8b465ee728b)  -> (artifact id: '9c63f1822b55d144ef5273d5b93b4295') in 0.064513 seconds
Number of updated asset objects reloaded before import = 0
Number of asset objects unloaded after import = 11
========================================================================
Received Import Request.
  Time since last request: 0.000039 seconds.
  path: Assets/Decorations/road_v_3.fbx
  artifactKey: Guid(0cb0dc0a38702cb499cce153d520c3f5) Importer(815301076,1909f56bfc062723c751e8b465ee728b)
Start importing Assets/Decorations/road_v_3.fbx using Guid(0cb0dc0a38702cb499cce153d520c3f5) Importer(815301076,1909f56bfc062723c751e8b465ee728b)  -> (artifact id: '3d53cbf72e56d282c2aff3865f4c8de0') in 0.009218 seconds
Number of updated asset objects reloaded before import = 0
Number of asset objects unloaded after import = 18
========================================================================
Received Import Request.
  Time since last request: 0.000041 seconds.
  path: Assets/Decorations/tree_2.fbx
  artifactKey: Guid(1f1d790200b479d44b71528a4d59cf95) Importer(815301076,1909f56bfc062723c751e8b465ee728b)
Start importing Assets/Decorations/tree_2.fbx using Guid(1f1d790200b479d44b71528a4d59cf95) Importer(815301076,1909f56bfc062723c751e8b465ee728b)  -> (artifact id: 'ff3d4a367a12ea1086f0cf593cd5312f') in 0.013520 seconds
Number of updated asset objects reloaded before import = 0
Number of asset objects unloaded after import = 11
========================================================================
Received Import Request.
  Time since last request: 0.000043 seconds.
  path: Assets/Decorations/tree_4.fbx
  artifactKey: Guid(eb1cfc8303f4f584c8f43c4af9226acd) Importer(815301076,1909f56bfc062723c751e8b465ee728b)
Start importing Assets/Decorations/tree_4.fbx using Guid(eb1cfc8303f4f584c8f43c4af9226acd) Importer(815301076,1909f56bfc062723c751e8b465ee728b)  -> (artifact id: 'c3215fa0ccdb3be9c72ed5216d80f9ab') in 0.004986 seconds
Number of updated asset objects reloaded before import = 0
Number of asset objects unloaded after import = 11
========================================================================
Received Import Request.
  Time since last request: 0.000072 seconds.
  path: Assets/Decorations/bench_2_v_3.fbx
  artifactKey: Guid(8d099d309566e4d4fabf0a167d269e1d) Importer(815301076,1909f56bfc062723c751e8b465ee728b)
Start importing Assets/Decorations/bench_2_v_3.fbx using Guid(8d099d309566e4d4fabf0a167d269e1d) Importer(815301076,1909f56bfc062723c751e8b465ee728b)  -> (artifact id: '3cd10e3e1bf5c367a96a4d98d306df29') in 0.005391 seconds
Number of updated asset objects reloaded before import = 0
Number of asset objects unloaded after import = 11
========================================================================
Received Import Request.
  Time since last request: 0.000038 seconds.
  path: Assets/Decorations/bench_2_v_1.fbx
  artifactKey: Guid(3e3850fd8012e494fae8f1ef444dc2e2) Importer(815301076,1909f56bfc062723c751e8b465ee728b)
Start importing Assets/Decorations/bench_2_v_1.fbx using Guid(3e3850fd8012e494fae8f1ef444dc2e2) Importer(815301076,1909f56bfc062723c751e8b465ee728b)  -> (artifact id: 'fd2e0dcaaaee21a24ef0b8ba6748851c') in 0.005346 seconds
Number of updated asset objects reloaded before import = 0
Number of asset objects unloaded after import = 11
========================================================================
Received Import Request.
  Time since last request: 0.000114 seconds.
  path: Assets/Decorations/sign_1.002.fbx
  artifactKey: Guid(dcb918f8d55b65f4f99583e56734aa7a) Importer(815301076,1909f56bfc062723c751e8b465ee728b)
Start importing Assets/Decorations/sign_1.002.fbx using Guid(dcb918f8d55b65f4f99583e56734aa7a) Importer(815301076,1909f56bfc062723c751e8b465ee728b)  -> (artifact id: '633655a8c5d9cd37d209f7498459be1e') in 0.005403 seconds
Number of updated asset objects reloaded before import = 0
Number of asset objects unloaded after import = 11
========================================================================
Received Import Request.
  Time since last request: 0.000068 seconds.
  path: Assets/Decorations/tree_6.fbx
  artifactKey: Guid(1c4a01c675c9bad4f866874a3de82730) Importer(815301076,1909f56bfc062723c751e8b465ee728b)
Start importing Assets/Decorations/tree_6.fbx using Guid(1c4a01c675c9bad4f866874a3de82730) Importer(815301076,1909f56bfc062723c751e8b465ee728b)  -> (artifact id: '7f98b0a00714eb541821d3eae65e9952') in 0.006816 seconds
Number of updated asset objects reloaded before import = 0
Number of asset objects unloaded after import = 11
========================================================================
Received Import Request.
  Time since last request: 0.000103 seconds.
  path: Assets/Decorations/road_v_1.fbx
  artifactKey: Guid(e76f46822b86040409282562a85ce324) Importer(815301076,1909f56bfc062723c751e8b465ee728b)
Start importing Assets/Decorations/road_v_1.fbx using Guid(e76f46822b86040409282562a85ce324) Importer(815301076,1909f56bfc062723c751e8b465ee728b)  -> (artifact id: '419f527bfe7de5f5c05fda23fb9a4311') in 0.006596 seconds
Number of updated asset objects reloaded before import = 0
Number of asset objects unloaded after import = 17
========================================================================
Received Import Request.
  Time since last request: 0.000263 seconds.
  path: Assets/Decorations/tree_3.fbx
  artifactKey: Guid(d7c673489ae779f4981703d07a67fa6d) Importer(815301076,1909f56bfc062723c751e8b465ee728b)
Start importing Assets/Decorations/tree_3.fbx using Guid(d7c673489ae779f4981703d07a67fa6d) Importer(815301076,1909f56bfc062723c751e8b465ee728b)  -> (artifact id: '5d2023881abdfb03eaa99b172b7c9eff') in 0.006171 seconds
Number of updated asset objects reloaded before import = 0
Number of asset objects unloaded after import = 11
========================================================================
Received Import Request.
  Time since last request: 0.000035 seconds.
  path: Assets/Decorations/road.fbx
  artifactKey: Guid(bdbd9d7226778fd4b8192cf3df5e028d) Importer(815301076,1909f56bfc062723c751e8b465ee728b)
Start importing Assets/Decorations/road.fbx using Guid(bdbd9d7226778fd4b8192cf3df5e028d) Importer(815301076,1909f56bfc062723c751e8b465ee728b)  -> (artifact id: '8476ef106dbd6496cc844fdb1161de40') in 0.005907 seconds
Number of updated asset objects reloaded before import = 0
Number of asset objects unloaded after import = 12
========================================================================
Received Import Request.
  Time since last request: 0.000049 seconds.
  path: Assets/Decorations/car_white.fbx
  artifactKey: Guid(4e0a22c1027c18f42bbe8ab97830e1c9) Importer(815301076,1909f56bfc062723c751e8b465ee728b)
Start importing Assets/Decorations/car_white.fbx using Guid(4e0a22c1027c18f42bbe8ab97830e1c9) Importer(815301076,1909f56bfc062723c751e8b465ee728b)  -> (artifact id: '8538add5644d67bb2505f11f80a13e7d') in 0.006419 seconds
Number of updated asset objects reloaded before import = 0
Number of asset objects unloaded after import = 13
========================================================================
Received Import Request.
  Time since last request: 0.000033 seconds.
  path: Assets/Decorations/road_intersection_L.fbx
  artifactKey: Guid(4d8e62f5885b4c746ad9a100c401d90b) Importer(815301076,1909f56bfc062723c751e8b465ee728b)
Start importing Assets/Decorations/road_intersection_L.fbx using Guid(4d8e62f5885b4c746ad9a100c401d90b) Importer(815301076,1909f56bfc062723c751e8b465ee728b)  -> (artifact id: 'fa17eee1cb0b0637cf9a8efe0d0d39cb') in 0.006241 seconds
Number of updated asset objects reloaded before import = 0
Number of asset objects unloaded after import = 12
========================================================================
Received Import Request.
  Time since last request: 24.786999 seconds.
  path: Assets/Imports/Street/general/models/street/general_street_3_way_w_sidewalk.fbx
  artifactKey: Guid(9b46016993158d545b5021d3928c0969) Importer(815301076,1909f56bfc062723c751e8b465ee728b)
Start importing Assets/Imports/Street/general/models/street/general_street_3_way_w_sidewalk.fbx using Guid(9b46016993158d545b5021d3928c0969) Importer(815301076,1909f56bfc062723c751e8b465ee728b)  -> (artifact id: '3ab76e99575455cf457b76395c0d4922') in 0.053946 seconds
Number of updated asset objects reloaded before import = 0
Number of asset objects unloaded after import = 15
========================================================================
Received Import Request.
  Time since last request: 0.000035 seconds.
  path: Assets/Imports/Street/general/models/street/general_street_straight_no_sidewalk_long.fbx
  artifactKey: Guid(af737ec27fbf0af43acdb172eda053c5) Importer(815301076,1909f56bfc062723c751e8b465ee728b)
Start importing Assets/Imports/Street/general/models/street/general_street_straight_no_sidewalk_long.fbx using Guid(af737ec27fbf0af43acdb172eda053c5) Importer(815301076,1909f56bfc062723c751e8b465ee728b)  -> (artifact id: '6c90d6bbb1bdc9ef50ec5988012e5154') in 0.030552 seconds
Number of updated asset objects reloaded before import = 0
Number of asset objects unloaded after import = 15
========================================================================
Received Import Request.
  Time since last request: 0.000029 seconds.
  path: Assets/Imports/Street/general/models/street/general_street_crossing_no_sidewalk.fbx
  artifactKey: Guid(8084eb7b4b8d132469f790551235bc92) Importer(815301076,1909f56bfc062723c751e8b465ee728b)
Start importing Assets/Imports/Street/general/models/street/general_street_crossing_no_sidewalk.fbx using Guid(8084eb7b4b8d132469f790551235bc92) Importer(815301076,1909f56bfc062723c751e8b465ee728b)  -> (artifact id: '663acd39ceab16af3a4a1d3502a4f0a0') in 0.016159 seconds
Number of updated asset objects reloaded before import = 0
Number of asset objects unloaded after import = 15
========================================================================
Received Import Request.
  Time since last request: 0.000033 seconds.
  path: Assets/Imports/Street/general/models/street/general_street_straight_no_markings_long.fbx
  artifactKey: Guid(3c46e1ca4159f7e468d5b7472a3793e7) Importer(815301076,1909f56bfc062723c751e8b465ee728b)
Start importing Assets/Imports/Street/general/models/street/general_street_straight_no_markings_long.fbx using Guid(3c46e1ca4159f7e468d5b7472a3793e7) Importer(815301076,1909f56bfc062723c751e8b465ee728b)  -> (artifact id: 'a537602a06a58a28d8878461d2fd90d8') in 0.010216 seconds
Number of updated asset objects reloaded before import = 0
Number of asset objects unloaded after import = 11
========================================================================
Received Import Request.
  Time since last request: 0.000040 seconds.
  path: Assets/Imports/Street/general/models/street/general_street_straight_w_sidewalk_long.fbx
  artifactKey: Guid(0656a7e5759ccaf40a463b72bbf3a345) Importer(815301076,1909f56bfc062723c751e8b465ee728b)
Start importing Assets/Imports/Street/general/models/street/general_street_straight_w_sidewalk_long.fbx using Guid(0656a7e5759ccaf40a463b72bbf3a345) Importer(815301076,1909f56bfc062723c751e8b465ee728b)  -> (artifact id: 'ed08ca4fa98d9dd295987468d8d20847') in 0.017398 seconds
Number of updated asset objects reloaded before import = 0
Number of asset objects unloaded after import = 15
========================================================================
Received Prepare
Begin MonoManager ReloadAssembly
Thread 0x176413000 may have been prematurely finalized
- Loaded All Assemblies, in  0.269 seconds
Refreshing native plugins compatible for Editor in 1.27 ms, found 2 plugins.
Native extension for OSXStandalone target not found
Native extension for WebGL target not found
[Package Manager] Server::EnsureServerProcessIsRunning -- launch failed, reason: Unity was launched with the -noUpm command-line argument
[Package Manager] UpmClient::Send -- Unable to send message (not connected to UPM process).
[Package Manager] Cannot connect to Unity Package Manager local server
Mono: successfully reloaded assembly
- Finished resetting the current domain, in  0.784 seconds
Domain Reload Profiling: 1053ms
	BeginReloadAssembly (81ms)
		ExecutionOrderSort (0ms)
		DisableScriptedObjects (2ms)
		BackupInstance (0ms)
		ReleaseScriptingObjects (0ms)
		CreateAndSetChildDomain (26ms)
	RebuildCommonClasses (21ms)
	RebuildNativeTypeToScriptingClass (8ms)
	initialDomainReloadingComplete (14ms)
	LoadAllAssembliesAndSetupDomain (144ms)
		LoadAssemblies (166ms)
		RebuildTransferFunctionScriptingTraits (0ms)
		AnalyzeDomain (10ms)
			TypeCache.Refresh (6ms)
				TypeCache.ScanAssembly (0ms)
			ScanForSourceGeneratedMonoScriptInfo (0ms)
			ResolveRequiredComponents (3ms)
	FinalizeReload (784ms)
		ReleaseScriptCaches (0ms)
		RebuildScriptCaches (0ms)
		SetupLoadedEditorAssemblies (280ms)
			LogAssemblyErrors (0ms)
			InitializePlatformSupportModulesInManaged (2ms)
			SetLoadedEditorAssemblies (2ms)
			RefreshPlugins (0ms)
			BeforeProcessingInitializeOnLoad (30ms)
			ProcessInitializeOnLoadAttributes (235ms)
			ProcessInitializeOnLoadMethodAttributes (10ms)
			AfterProcessingInitializeOnLoad (1ms)
			EditorAssembliesLoaded (0ms)
		ExecutionOrderSort2 (0ms)
		AwakeInstancesAfterBackupRestoration (2ms)
Refreshing native plugins compatible for Editor in 1.65 ms, found 2 plugins.
Preloading 0 native plugins for Editor in 0.00 ms.
Unloading 3075 Unused Serialized files (Serialized files now loaded: 0)
Unloading 23 unused Assets / (31.0 KB). Loaded Objects now: 3559.
Memory consumption went from 141.3 MB to 141.3 MB.
Total: 2.354459 ms (FindLiveObjects: 0.095792 ms CreateObjectMapping: 0.043083 ms MarkObjects: 2.180917 ms  DeleteObjects: 0.034375 ms)

Prepare: number of updated asset objects reloaded= 0
AssetImportParameters requested are different than current active one (requested -> active):
  custom:container-demuxer-ogg: 62fdf1f143b41e24485cea50d1cbac27 -> 
  custom:video-decoder-ogg-theora: a1e56fd34408186e4bbccfd4996cb3dc -> 
  custom:CustomObjectIndexerAttribute: 756ad292c208cfabdd7b50bc23989ffe -> 
  custom:container-demuxer-webm: 4f35f7cbe854078d1ac9338744f61a02 -> 
  custom:container-muxer-webm: aa71ff27fc2769a1b78a27578f13a17b -> 
  custom:video-decoder-webm-vp8: 9c59270c3fd7afecdb556c50c9e8de78 -> 
  custom:SearchIndexIgnoredProperties: e643bd26f0fe6173181afceb89e7c659 -> 
  custom:AudioImporter_EditorPlatform: 3918e3fc78b5a79bad01e8451be0beb8 -> 
  custom:framework-osx-AVFoundation: e770b220cccbd017edd2c1fefb359320 -> 
  custom:video-encoder-webm-vp8: eb34c28f22e8b96e1ab97ce403110664 -> 
  custom:audio-decoder-ogg-vorbis: bf7c407c2cedff20999df2af8eb42d56 -> 
  custom:audio-encoder-webm-vorbis: bf7c407c2cedff20999df2af8eb42d56 -> 
========================================================================
Received Import Request.
  Time since last request: 218.260471 seconds.
  path: Assets/Imports/Street/general/textures/barricades_carstop/general_barricades_carstop_m.tga
  artifactKey: Guid(f667621326e3bfd48a245b4d22203ab0) Importer(815301076,1909f56bfc062723c751e8b465ee728b)
Start importing Assets/Imports/Street/general/textures/barricades_carstop/general_barricades_carstop_m.tga using Guid(f667621326e3bfd48a245b4d22203ab0) Importer(815301076,1909f56bfc062723c751e8b465ee728b)  -> (artifact id: '4dfd48f04b5ff15554f8b43d864ba102') in 0.053179 seconds
Number of updated asset objects reloaded before import = 0
Number of asset objects unloaded after import = 2
========================================================================
Received Import Request.
  Time since last request: 2.130559 seconds.
  path: Assets/Imports/Street/general/textures/street/general_sidewalk_markings_m.tga
  artifactKey: Guid(d4be0998de2776641883f05b924a8f22) Importer(815301076,1909f56bfc062723c751e8b465ee728b)
Start importing Assets/Imports/Street/general/textures/street/general_sidewalk_markings_m.tga using Guid(d4be0998de2776641883f05b924a8f22) Importer(815301076,1909f56bfc062723c751e8b465ee728b)  -> (artifact id: 'f629932b95933007e1031e7abd82276e') in 0.008267 seconds
Number of updated asset objects reloaded before import = 0
Number of asset objects unloaded after import = 2
========================================================================
Received Import Request.
  Time since last request: 0.000077 seconds.
  path: Assets/Imports/Street/general/textures/street/general_street_pavement_m.tga
  artifactKey: Guid(d1cceed0566a0df46a54e770a974814e) Importer(815301076,1909f56bfc062723c751e8b465ee728b)
Start importing Assets/Imports/Street/general/textures/street/general_street_pavement_m.tga using Guid(d1cceed0566a0df46a54e770a974814e) Importer(815301076,1909f56bfc062723c751e8b465ee728b)  -> (artifact id: '664410f3e1717cef299f1d10e4e703bf') in 0.007500 seconds
Number of updated asset objects reloaded before import = 0
Number of asset objects unloaded after import = 2
========================================================================
Received Import Request.
  Time since last request: 0.000055 seconds.
  path: Assets/Imports/Street/general/textures/street/general_sidewalk_markings_n.tga
  artifactKey: Guid(9e6d5ce5e94859a4681b29191e42fab9) Importer(815301076,1909f56bfc062723c751e8b465ee728b)
Start importing Assets/Imports/Street/general/textures/street/general_sidewalk_markings_n.tga using Guid(9e6d5ce5e94859a4681b29191e42fab9) Importer(815301076,1909f56bfc062723c751e8b465ee728b)  -> (artifact id: '112687d695a0c76a754b568a07a03460') in 0.011670 seconds
Number of updated asset objects reloaded before import = 0
Number of asset objects unloaded after import = 2
Editor requested this worker to shutdown with reason: Scaling down because of idle timeout
TcpMessagingSession - receive error: operation aborted. errorcode: 89, details: Operation aborted.
AssetImportWorker is now disconnected from the server
Process exiting
